{"timestamp":1753116994.3136926,"level":"INFO","logger":"ballsdeepnit.monitoring.performance","message":"uvloop event loop installed for better performance","module":"performance","function":"optimize_event_loop","line":438,"performance":{}}
{"timestamp":1753116994.3138843,"level":"INFO","logger":"ballsdeepnit.monitoring.performance","message":"GC threshold set to 1000","module":"performance","function":"setup_performance_monitoring","line":453,"performance":{}}
{"timestamp":1753116994.313904,"level":"INFO","logger":"ballsdeepnit.monitoring.performance","message":"Performance monitoring configured and ready to start","module":"performance","function":"setup_performance_monitoring","line":458,"performance":{}}
{"timestamp":1753117008.8957329,"level":"INFO","logger":"ballsdeepnit.monitoring.performance","message":"uvloop event loop installed for better performance","module":"performance","function":"optimize_event_loop","line":438,"performance":{}}
{"timestamp":1753117008.89594,"level":"INFO","logger":"ballsdeepnit.monitoring.performance","message":"GC threshold set to 1000","module":"performance","function":"setup_performance_monitoring","line":453,"performance":{}}
{"timestamp":1753117008.895961,"level":"INFO","logger":"ballsdeepnit.monitoring.performance","message":"Performance monitoring configured and ready to start","module":"performance","function":"setup_performance_monitoring","line":458,"performance":{}}
{"timestamp":1753117013.1051629,"level":"INFO","logger":"ballsdeepnit.utils.cache","message":"Disk cache initialized at .cache/disk","module":"cache","function":"initialize","line":154,"performance":{}}
{"timestamp":1753117013.1052303,"level":"WARNING","logger":"ballsdeepnit.utils.cache","message":"No cache backends available - caching disabled","module":"cache","function":"initialize","line":161,"performance":{}}
{"timestamp":1753117013.0754926,"level":"INFO","logger":"ballsdeepnit.cli","message":"ballsDeepnit v0.1.0 starting up","module":"cli","function":"cli","line":36,"performance":{}}
{"timestamp":1753117013.0709019,"level":"INFO","logger":"ballsdeepnit.monitoring.performance","message":"uvloop event loop installed for better performance","module":"performance","function":"optimize_event_loop","line":438,"performance":{}}
{"timestamp":1753117013.0710828,"level":"INFO","logger":"ballsdeepnit.monitoring.performance","message":"GC threshold set to 1000","module":"performance","function":"setup_performance_monitoring","line":453,"performance":{}}
{"timestamp":1753117013.071102,"level":"INFO","logger":"ballsdeepnit.monitoring.performance","message":"Performance monitoring configured and ready to start","module":"performance","function":"setup_performance_monitoring","line":458,"performance":{}}
{"timestamp":1753117013.0753582,"level":"INFO","logger":"ballsdeepnit.monitoring.performance","message":"uvloop event loop installed for better performance","module":"performance","function":"optimize_event_loop","line":438,"performance":{}}
{"timestamp":1753117013.0753806,"level":"INFO","logger":"ballsdeepnit.monitoring.performance","message":"GC threshold set to 1000","module":"performance","function":"setup_performance_monitoring","line":453,"performance":{}}
{"timestamp":1753117013.075392,"level":"INFO","logger":"ballsdeepnit.monitoring.performance","message":"Performance monitoring configured and ready to start","module":"performance","function":"setup_performance_monitoring","line":458,"performance":{}}
{"timestamp":1753117017.7148628,"level":"INFO","logger":"ballsdeepnit.cli","message":"ballsDeepnit v0.1.0 starting up","module":"cli","function":"cli","line":36,"performance":{}}
{"timestamp":1753117017.7101393,"level":"INFO","logger":"ballsdeepnit.monitoring.performance","message":"uvloop event loop installed for better performance","module":"performance","function":"optimize_event_loop","line":438,"performance":{}}
{"timestamp":1753117017.7103283,"level":"INFO","logger":"ballsdeepnit.monitoring.performance","message":"GC threshold set to 1000","module":"performance","function":"setup_performance_monitoring","line":453,"performance":{}}
{"timestamp":1753117017.7103472,"level":"INFO","logger":"ballsdeepnit.monitoring.performance","message":"Performance monitoring configured and ready to start","module":"performance","function":"setup_performance_monitoring","line":458,"performance":{}}
{"timestamp":1753117017.7147255,"level":"INFO","logger":"ballsdeepnit.monitoring.performance","message":"uvloop event loop installed for better performance","module":"performance","function":"optimize_event_loop","line":438,"performance":{}}
{"timestamp":1753117017.7147481,"level":"INFO","logger":"ballsdeepnit.monitoring.performance","message":"GC threshold set to 1000","module":"performance","function":"setup_performance_monitoring","line":453,"performance":{}}
{"timestamp":1753117017.7147586,"level":"INFO","logger":"ballsdeepnit.monitoring.performance","message":"Performance monitoring configured and ready to start","module":"performance","function":"setup_performance_monitoring","line":458,"performance":{}}
{"timestamp":1753117038.9738986,"level":"INFO","logger":"ballsdeepnit.cli","message":"ballsDeepnit v0.1.0 starting up","module":"cli","function":"cli","line":36,"performance":{}}
{"timestamp":1753117038.9740877,"level":"ERROR","logger":"ballsdeepnit.cli","message":"Failed to create plugin: No module named 'ballsdeepnit.core.plugin_scaffold'","module":"cli","function":"create_plugin","line":261,"performance":{}}
{"timestamp":1753117038.9692152,"level":"INFO","logger":"ballsdeepnit.monitoring.performance","message":"uvloop event loop installed for better performance","module":"performance","function":"optimize_event_loop","line":438,"performance":{}}
{"timestamp":1753117038.969403,"level":"INFO","logger":"ballsdeepnit.monitoring.performance","message":"GC threshold set to 1000","module":"performance","function":"setup_performance_monitoring","line":453,"performance":{}}
{"timestamp":1753117038.9694233,"level":"INFO","logger":"ballsdeepnit.monitoring.performance","message":"Performance monitoring configured and ready to start","module":"performance","function":"setup_performance_monitoring","line":458,"performance":{}}
{"timestamp":1753117038.9737568,"level":"INFO","logger":"ballsdeepnit.monitoring.performance","message":"uvloop event loop installed for better performance","module":"performance","function":"optimize_event_loop","line":438,"performance":{}}
{"timestamp":1753117038.9737797,"level":"INFO","logger":"ballsdeepnit.monitoring.performance","message":"GC threshold set to 1000","module":"performance","function":"setup_performance_monitoring","line":453,"performance":{}}
{"timestamp":1753117038.9737918,"level":"INFO","logger":"ballsdeepnit.monitoring.performance","message":"Performance monitoring configured and ready to start","module":"performance","function":"setup_performance_monitoring","line":458,"performance":{}}
