{"timestamp":1754354235.161171,"level":"INFO","logger":"src.ballsdeepnit.monitoring.performance","message":"uvloop event loop installed for better performance","module":"performance","function":"optimize_event_loop","line":438,"performance":{}}
{"timestamp":1754354235.161216,"level":"INFO","logger":"src.ballsdeepnit.monitoring.performance","message":"GC threshold set to 1000","module":"performance","function":"setup_performance_monitoring","line":453,"performance":{}}
{"timestamp":1754354235.1612341,"level":"INFO","logger":"src.ballsdeepnit.monitoring.performance","message":"Performance monitoring configured and ready to start","module":"performance","function":"setup_performance_monitoring","line":458,"performance":{}}
{"timestamp":1754354235.1748037,"level":"INFO","logger":"src.ballsdeepnit.core.overwatch","message":"Registered handler for task type: TaskType.SYSTEM_HEALTH","module":"overwatch","function":"register_handler","line":322}
{"timestamp":1754354235.1748319,"level":"INFO","logger":"src.ballsdeepnit.core.overwatch","message":"Overwatch system initialized","module":"overwatch","function":"__init__","line":528}
{"timestamp":1754354240.478194,"level":"INFO","logger":"src.ballsdeepnit.core.overwatch","message":"Registered handler for task type: TaskType.SYSTEM_HEALTH","module":"overwatch","function":"register_handler","line":322}
{"timestamp":1754354240.4782178,"level":"INFO","logger":"src.ballsdeepnit.core.overwatch","message":"Overwatch system initialized","module":"overwatch","function":"__init__","line":528}
{"timestamp":1754354240.4782405,"level":"INFO","logger":"src.ballsdeepnit.core.overwatch","message":"Registered handler for task type: TaskType.OBD2_DIAGNOSTIC","module":"overwatch","function":"register_handler","line":322}
{"timestamp":1754354240.478252,"level":"INFO","logger":"src.ballsdeepnit.core.overwatch_handlers","message":"Registered OBD2DiagnosticHandler for TaskType.OBD2_DIAGNOSTIC","module":"overwatch_handlers","function":"register_all_handlers","line":808}
{"timestamp":1754354240.47826,"level":"INFO","logger":"src.ballsdeepnit.core.overwatch","message":"Registered handler for task type: TaskType.PERFORMANCE_CHECK","module":"overwatch","function":"register_handler","line":322}
{"timestamp":1754354240.4782667,"level":"INFO","logger":"src.ballsdeepnit.core.overwatch_handlers","message":"Registered PerformanceCheckHandler for TaskType.PERFORMANCE_CHECK","module":"overwatch_handlers","function":"register_all_handlers","line":808}
{"timestamp":1754354240.4783683,"level":"INFO","logger":"src.ballsdeepnit.core.overwatch","message":"Registered handler for task type: TaskType.DATA_BACKUP","module":"overwatch","function":"register_handler","line":322}
{"timestamp":1754354240.478376,"level":"INFO","logger":"src.ballsdeepnit.core.overwatch_handlers","message":"Registered DataBackupHandler for TaskType.DATA_BACKUP","module":"overwatch_handlers","function":"register_all_handlers","line":808}
{"timestamp":1754354240.4783826,"level":"INFO","logger":"src.ballsdeepnit.core.overwatch","message":"Registered handler for task type: TaskType.MAINTENANCE","module":"overwatch","function":"register_handler","line":322}
{"timestamp":1754354240.4783883,"level":"INFO","logger":"src.ballsdeepnit.core.overwatch_handlers","message":"Registered MaintenanceHandler for TaskType.MAINTENANCE","module":"overwatch_handlers","function":"register_all_handlers","line":808}
{"timestamp":1754354240.4783936,"level":"INFO","logger":"src.ballsdeepnit.core.overwatch","message":"Registered handler for task type: TaskType.SECURITY_SCAN","module":"overwatch","function":"register_handler","line":322}
{"timestamp":1754354240.4783986,"level":"INFO","logger":"src.ballsdeepnit.core.overwatch_handlers","message":"Registered SecurityScanHandler for TaskType.SECURITY_SCAN","module":"overwatch_handlers","function":"register_all_handlers","line":808}
{"timestamp":1754354240.4791775,"level":"INFO","logger":"src.ballsdeepnit.core.overwatch","message":"Task dispatcher started","module":"overwatch","function":"start_dispatch_loop","line":470}
{"timestamp":1754354240.479274,"level":"INFO","logger":"src.ballsdeepnit.core.overwatch","message":"Task abd79e06-bb6d-421e-ad26-dc8ffa8d1b56 scheduled for 2025-08-05 00:42:20.479212","module":"overwatch","function":"submit_task","line":328}
{"timestamp":1754354240.4792907,"level":"INFO","logger":"src.ballsdeepnit.core.overwatch","message":"Task submitted: System Health Check (abd79e06-bb6d-421e-ad26-dc8ffa8d1b56)","module":"overwatch","function":"submit_task","line":332}
{"timestamp":1754354240.4792993,"level":"INFO","logger":"src.ballsdeepnit.core.overwatch","message":"Task e796785e-aeec-4dde-9b58-52ee3b1f0d6e scheduled for 2025-08-05 00:52:20.479246","module":"overwatch","function":"submit_task","line":328}
{"timestamp":1754354240.479311,"level":"INFO","logger":"src.ballsdeepnit.core.overwatch","message":"Task submitted: Performance Monitor (e796785e-aeec-4dde-9b58-52ee3b1f0d6e)","module":"overwatch","function":"submit_task","line":332}
{"timestamp":1754354240.4793172,"level":"INFO","logger":"src.ballsdeepnit.core.overwatch","message":"Generated and submitted 2 tasks","module":"overwatch","function":"generate_and_submit_tasks","line":580}
{"timestamp":1754354240.4793272,"level":"INFO","logger":"src.ballsdeepnit.core.overwatch","message":"Overwatch system started","module":"overwatch","function":"start","line":612}
{"timestamp":1754354240.4793596,"level":"INFO","logger":"src.ballsdeepnit.core.overwatch_monitoring","message":"Overwatch monitoring integration started","module":"overwatch_monitoring","function":"start_monitoring","line":56}
{"timestamp":1754354240.4793677,"level":"WARNING","logger":"src.ballsdeepnit.core.overwatch","message":"Overwatch system is already running","module":"overwatch","function":"start","line":601}
{"timestamp":1754354240.479392,"level":"WARNING","logger":"src.ballsdeepnit.core.overwatch","message":"Overwatch system is already running","module":"overwatch","function":"start","line":601}
{"timestamp":1754354240.479441,"level":"ERROR","logger":"src.ballsdeepnit.core.overwatch_monitoring","message":"Error checking system health: 'PerformanceMonitor' object has no attribute 'get_current_stats'","module":"overwatch_monitoring","function":"_check_system_health","line":234}
{"timestamp":1754354270.4805012,"level":"ERROR","logger":"src.ballsdeepnit.core.overwatch_monitoring","message":"Error checking system health: 'PerformanceMonitor' object has no attribute 'get_current_stats'","module":"overwatch_monitoring","function":"_check_system_health","line":234}
{"timestamp":1754354300.4812543,"level":"ERROR","logger":"src.ballsdeepnit.core.overwatch_monitoring","message":"Error checking system health: 'PerformanceMonitor' object has no attribute 'get_current_stats'","module":"overwatch_monitoring","function":"_check_system_health","line":234}
{"timestamp":1754354300.546136,"level":"ERROR","logger":"src.ballsdeepnit.core.overwatch","message":"Error in task generation rule: 'PerformanceMonitor' object has no attribute 'get_current_stats'","module":"overwatch","function":"generate_tasks","line":290}
{"timestamp":1754354300.5462692,"level":"INFO","logger":"src.ballsdeepnit.core.overwatch","message":"Task 3689779e-6fb3-411c-8b5b-398c3efd4a63 scheduled for 2025-08-05 00:43:20.545916","module":"overwatch","function":"submit_task","line":328}
{"timestamp":1754354300.5462918,"level":"INFO","logger":"src.ballsdeepnit.core.overwatch","message":"Task submitted: System Health Check (3689779e-6fb3-411c-8b5b-398c3efd4a63)","module":"overwatch","function":"submit_task","line":332}
{"timestamp":1754354300.546304,"level":"INFO","logger":"src.ballsdeepnit.core.overwatch","message":"Task 2a7c92d6-68b8-4a38-87d7-2c5cc8d0aca5 scheduled for 2025-08-05 00:53:20.546057","module":"overwatch","function":"submit_task","line":328}
{"timestamp":1754354300.5463157,"level":"INFO","logger":"src.ballsdeepnit.core.overwatch","message":"Task submitted: Performance Monitor (2a7c92d6-68b8-4a38-87d7-2c5cc8d0aca5)","module":"overwatch","function":"submit_task","line":332}
{"timestamp":1754354300.5463288,"level":"INFO","logger":"src.ballsdeepnit.core.overwatch","message":"Generated and submitted 2 tasks","module":"overwatch","function":"generate_and_submit_tasks","line":580}
{"timestamp":1754354330.4819686,"level":"ERROR","logger":"src.ballsdeepnit.core.overwatch_monitoring","message":"Error checking system health: 'PerformanceMonitor' object has no attribute 'get_current_stats'","module":"overwatch_monitoring","function":"_check_system_health","line":234}
{"timestamp":1754354360.4831254,"level":"ERROR","logger":"src.ballsdeepnit.core.overwatch_monitoring","message":"Error checking system health: 'PerformanceMonitor' object has no attribute 'get_current_stats'","module":"overwatch_monitoring","function":"_check_system_health","line":234}
{"timestamp":1754354360.6107087,"level":"ERROR","logger":"src.ballsdeepnit.core.overwatch","message":"Error in task generation rule: 'PerformanceMonitor' object has no attribute 'get_current_stats'","module":"overwatch","function":"generate_tasks","line":290}
{"timestamp":1754354360.6108096,"level":"INFO","logger":"src.ballsdeepnit.core.overwatch","message":"Task af9cfc0c-4317-40fe-8b63-eea8ba2af13d scheduled for 2025-08-05 00:44:20.610612","module":"overwatch","function":"submit_task","line":328}
{"timestamp":1754354360.6108294,"level":"INFO","logger":"src.ballsdeepnit.core.overwatch","message":"Task submitted: System Health Check (af9cfc0c-4317-40fe-8b63-eea8ba2af13d)","module":"overwatch","function":"submit_task","line":332}
{"timestamp":1754354360.6108384,"level":"INFO","logger":"src.ballsdeepnit.core.overwatch","message":"Task 7a7f1c3e-778d-4e72-9b42-8f0da2c9fe3c scheduled for 2025-08-05 00:54:20.610675","module":"overwatch","function":"submit_task","line":328}
{"timestamp":1754354360.6108494,"level":"INFO","logger":"src.ballsdeepnit.core.overwatch","message":"Task submitted: Performance Monitor (7a7f1c3e-778d-4e72-9b42-8f0da2c9fe3c)","module":"overwatch","function":"submit_task","line":332}
{"timestamp":1754354360.6108603,"level":"INFO","logger":"src.ballsdeepnit.core.overwatch","message":"Generated and submitted 2 tasks","module":"overwatch","function":"generate_and_submit_tasks","line":580}
{"timestamp":1754354390.4839709,"level":"ERROR","logger":"src.ballsdeepnit.core.overwatch_monitoring","message":"Error checking system health: 'PerformanceMonitor' object has no attribute 'get_current_stats'","module":"overwatch_monitoring","function":"_check_system_health","line":234}
{"timestamp":1754354420.4856482,"level":"ERROR","logger":"src.ballsdeepnit.core.overwatch_monitoring","message":"Error checking system health: 'PerformanceMonitor' object has no attribute 'get_current_stats'","module":"overwatch_monitoring","function":"_check_system_health","line":234}
{"timestamp":1754354420.6752274,"level":"ERROR","logger":"src.ballsdeepnit.core.overwatch","message":"Error in task generation rule: 'PerformanceMonitor' object has no attribute 'get_current_stats'","module":"overwatch","function":"generate_tasks","line":290}
{"timestamp":1754354420.6753254,"level":"INFO","logger":"src.ballsdeepnit.core.overwatch","message":"Task 100a1b7f-a37a-472d-81f6-b6b5ce0b9c40 scheduled for 2025-08-05 00:45:20.675115","module":"overwatch","function":"submit_task","line":328}
{"timestamp":1754354420.675343,"level":"INFO","logger":"src.ballsdeepnit.core.overwatch","message":"Task submitted: System Health Check (100a1b7f-a37a-472d-81f6-b6b5ce0b9c40)","module":"overwatch","function":"submit_task","line":332}
{"timestamp":1754354420.6753519,"level":"INFO","logger":"src.ballsdeepnit.core.overwatch","message":"Task cd6251d1-6b48-4d86-915f-46a14c01691a scheduled for 2025-08-05 00:55:20.675176","module":"overwatch","function":"submit_task","line":328}
{"timestamp":1754354420.6753595,"level":"INFO","logger":"src.ballsdeepnit.core.overwatch","message":"Task submitted: Performance Monitor (cd6251d1-6b48-4d86-915f-46a14c01691a)","module":"overwatch","function":"submit_task","line":332}
{"timestamp":1754354420.6753666,"level":"INFO","logger":"src.ballsdeepnit.core.overwatch","message":"Generated and submitted 2 tasks","module":"overwatch","function":"generate_and_submit_tasks","line":580}
{"timestamp":1754354450.4876692,"level":"ERROR","logger":"src.ballsdeepnit.core.overwatch_monitoring","message":"Error checking system health: 'PerformanceMonitor' object has no attribute 'get_current_stats'","module":"overwatch_monitoring","function":"_check_system_health","line":234}
{"timestamp":1754354480.4894452,"level":"ERROR","logger":"src.ballsdeepnit.core.overwatch_monitoring","message":"Error checking system health: 'PerformanceMonitor' object has no attribute 'get_current_stats'","module":"overwatch_monitoring","function":"_check_system_health","line":234}
{"timestamp":1754354480.7390723,"level":"ERROR","logger":"src.ballsdeepnit.core.overwatch","message":"Error in task generation rule: 'PerformanceMonitor' object has no attribute 'get_current_stats'","module":"overwatch","function":"generate_tasks","line":290}
{"timestamp":1754354480.7397,"level":"INFO","logger":"src.ballsdeepnit.core.overwatch","message":"Task f7bebd38-a421-434d-852c-aaa07d31e3ba scheduled for 2025-08-05 00:46:20.738970","module":"overwatch","function":"submit_task","line":328}
{"timestamp":1754354480.7397218,"level":"INFO","logger":"src.ballsdeepnit.core.overwatch","message":"Task submitted: System Health Check (f7bebd38-a421-434d-852c-aaa07d31e3ba)","module":"overwatch","function":"submit_task","line":332}
{"timestamp":1754354480.7397406,"level":"INFO","logger":"src.ballsdeepnit.core.overwatch","message":"Task 235fed5a-be00-4ecd-aa6f-b4e1660934e3 scheduled for 2025-08-05 00:56:20.739037","module":"overwatch","function":"submit_task","line":328}
{"timestamp":1754354480.7397537,"level":"INFO","logger":"src.ballsdeepnit.core.overwatch","message":"Task submitted: Performance Monitor (235fed5a-be00-4ecd-aa6f-b4e1660934e3)","module":"overwatch","function":"submit_task","line":332}
{"timestamp":1754354480.739762,"level":"INFO","logger":"src.ballsdeepnit.core.overwatch","message":"Generated and submitted 2 tasks","module":"overwatch","function":"generate_and_submit_tasks","line":580}
{"timestamp":1754354510.4905214,"level":"ERROR","logger":"src.ballsdeepnit.core.overwatch_monitoring","message":"Error checking system health: 'PerformanceMonitor' object has no attribute 'get_current_stats'","module":"overwatch_monitoring","function":"_check_system_health","line":234}
{"timestamp":1754354540.4911575,"level":"ERROR","logger":"src.ballsdeepnit.core.overwatch_monitoring","message":"Error checking system health: 'PerformanceMonitor' object has no attribute 'get_current_stats'","module":"overwatch_monitoring","function":"_check_system_health","line":234}
{"timestamp":1754354540.8048437,"level":"ERROR","logger":"src.ballsdeepnit.core.overwatch","message":"Error in task generation rule: 'PerformanceMonitor' object has no attribute 'get_current_stats'","module":"overwatch","function":"generate_tasks","line":290}
{"timestamp":1754354540.8049817,"level":"INFO","logger":"src.ballsdeepnit.core.overwatch","message":"Task 21b89be2-87f8-47eb-a88b-7ab36f74820f scheduled for 2025-08-05 00:47:20.804756","module":"overwatch","function":"submit_task","line":328}
{"timestamp":1754354540.8050015,"level":"INFO","logger":"src.ballsdeepnit.core.overwatch","message":"Task submitted: System Health Check (21b89be2-87f8-47eb-a88b-7ab36f74820f)","module":"overwatch","function":"submit_task","line":332}
{"timestamp":1754354540.8050117,"level":"INFO","logger":"src.ballsdeepnit.core.overwatch","message":"Task 08b298bf-3e88-4f38-8592-4b0f66b8219b scheduled for 2025-08-05 00:57:20.804803","module":"overwatch","function":"submit_task","line":328}
{"timestamp":1754354540.8050206,"level":"INFO","logger":"src.ballsdeepnit.core.overwatch","message":"Task submitted: Performance Monitor (08b298bf-3e88-4f38-8592-4b0f66b8219b)","module":"overwatch","function":"submit_task","line":332}
{"timestamp":1754354540.8050306,"level":"INFO","logger":"src.ballsdeepnit.core.overwatch","message":"Task submitted: Scheduled Health Check (60f4850a-3315-4a53-bd6b-f4a8bf50d6e8)","module":"overwatch","function":"submit_task","line":332}
{"timestamp":1754354540.805038,"level":"INFO","logger":"src.ballsdeepnit.core.overwatch","message":"Generated and submitted 3 tasks","module":"overwatch","function":"generate_and_submit_tasks","line":580}
{"timestamp":1754354570.4917638,"level":"ERROR","logger":"src.ballsdeepnit.core.overwatch_monitoring","message":"Error checking system health: 'PerformanceMonitor' object has no attribute 'get_current_stats'","module":"overwatch_monitoring","function":"_check_system_health","line":234}
{"timestamp":1754354600.4931479,"level":"ERROR","logger":"src.ballsdeepnit.core.overwatch_monitoring","message":"Error checking system health: 'PerformanceMonitor' object has no attribute 'get_current_stats'","module":"overwatch_monitoring","function":"_check_system_health","line":234}
{"timestamp":1754354600.8699396,"level":"ERROR","logger":"src.ballsdeepnit.core.overwatch","message":"Error in task generation rule: 'PerformanceMonitor' object has no attribute 'get_current_stats'","module":"overwatch","function":"generate_tasks","line":290}
{"timestamp":1754354600.870037,"level":"INFO","logger":"src.ballsdeepnit.core.overwatch","message":"Task e215a8aa-7c5b-4c7c-8ac8-2b33b569840b scheduled for 2025-08-05 00:48:20.869855","module":"overwatch","function":"submit_task","line":328}
{"timestamp":1754354600.8700793,"level":"INFO","logger":"src.ballsdeepnit.core.overwatch","message":"Task submitted: System Health Check (e215a8aa-7c5b-4c7c-8ac8-2b33b569840b)","module":"overwatch","function":"submit_task","line":332}
{"timestamp":1754354600.8700914,"level":"INFO","logger":"src.ballsdeepnit.core.overwatch","message":"Task 1ce14251-4f7e-4553-ae42-dbd7ad4310a4 scheduled for 2025-08-05 00:58:20.869907","module":"overwatch","function":"submit_task","line":328}
{"timestamp":1754354600.8700998,"level":"INFO","logger":"src.ballsdeepnit.core.overwatch","message":"Task submitted: Performance Monitor (1ce14251-4f7e-4553-ae42-dbd7ad4310a4)","module":"overwatch","function":"submit_task","line":332}
{"timestamp":1754354600.8701072,"level":"INFO","logger":"src.ballsdeepnit.core.overwatch","message":"Generated and submitted 2 tasks","module":"overwatch","function":"generate_and_submit_tasks","line":580}
{"timestamp":1754354630.4943624,"level":"ERROR","logger":"src.ballsdeepnit.core.overwatch_monitoring","message":"Error checking system health: 'PerformanceMonitor' object has no attribute 'get_current_stats'","module":"overwatch_monitoring","function":"_check_system_health","line":234}
{"timestamp":1754354660.4949856,"level":"ERROR","logger":"src.ballsdeepnit.core.overwatch_monitoring","message":"Error checking system health: 'PerformanceMonitor' object has no attribute 'get_current_stats'","module":"overwatch_monitoring","function":"_check_system_health","line":234}
{"timestamp":1754354660.935873,"level":"ERROR","logger":"src.ballsdeepnit.core.overwatch","message":"Error in task generation rule: 'PerformanceMonitor' object has no attribute 'get_current_stats'","module":"overwatch","function":"generate_tasks","line":290}
{"timestamp":1754354660.9359767,"level":"INFO","logger":"src.ballsdeepnit.core.overwatch","message":"Task ec9ab144-349f-4aeb-bff5-8d48a8a04fd8 scheduled for 2025-08-05 00:49:20.935776","module":"overwatch","function":"submit_task","line":328}
{"timestamp":1754354660.9359968,"level":"INFO","logger":"src.ballsdeepnit.core.overwatch","message":"Task submitted: System Health Check (ec9ab144-349f-4aeb-bff5-8d48a8a04fd8)","module":"overwatch","function":"submit_task","line":332}
{"timestamp":1754354660.9360058,"level":"INFO","logger":"src.ballsdeepnit.core.overwatch","message":"Task e1df160d-6db9-429d-aa2e-2cec1249a9ad scheduled for 2025-08-05 00:59:20.935839","module":"overwatch","function":"submit_task","line":328}
{"timestamp":1754354660.9360144,"level":"INFO","logger":"src.ballsdeepnit.core.overwatch","message":"Task submitted: Performance Monitor (e1df160d-6db9-429d-aa2e-2cec1249a9ad)","module":"overwatch","function":"submit_task","line":332}
{"timestamp":1754354660.9360223,"level":"INFO","logger":"src.ballsdeepnit.core.overwatch","message":"Generated and submitted 2 tasks","module":"overwatch","function":"generate_and_submit_tasks","line":580}
{"timestamp":1754354690.4955883,"level":"ERROR","logger":"src.ballsdeepnit.core.overwatch_monitoring","message":"Error checking system health: 'PerformanceMonitor' object has no attribute 'get_current_stats'","module":"overwatch_monitoring","function":"_check_system_health","line":234}
{"timestamp":1754354720.4968712,"level":"ERROR","logger":"src.ballsdeepnit.core.overwatch_monitoring","message":"Error checking system health: 'PerformanceMonitor' object has no attribute 'get_current_stats'","module":"overwatch_monitoring","function":"_check_system_health","line":234}
{"timestamp":1754354721.0008712,"level":"ERROR","logger":"src.ballsdeepnit.core.overwatch","message":"Error in task generation rule: 'PerformanceMonitor' object has no attribute 'get_current_stats'","module":"overwatch","function":"generate_tasks","line":290}
{"timestamp":1754354721.0010064,"level":"INFO","logger":"src.ballsdeepnit.core.overwatch","message":"Task 57c79096-ccf5-40df-85d3-9c8a260cbe41 scheduled for 2025-08-05 00:50:21.000763","module":"overwatch","function":"submit_task","line":328}
{"timestamp":1754354721.001027,"level":"INFO","logger":"src.ballsdeepnit.core.overwatch","message":"Task submitted: System Health Check (57c79096-ccf5-40df-85d3-9c8a260cbe41)","module":"overwatch","function":"submit_task","line":332}
{"timestamp":1754354721.0010366,"level":"INFO","logger":"src.ballsdeepnit.core.overwatch","message":"Task 3a63760e-8eed-4127-851c-348fe38220eb scheduled for 2025-08-05 01:00:21.000828","module":"overwatch","function":"submit_task","line":328}
{"timestamp":1754354721.0010455,"level":"INFO","logger":"src.ballsdeepnit.core.overwatch","message":"Task submitted: Performance Monitor (3a63760e-8eed-4127-851c-348fe38220eb)","module":"overwatch","function":"submit_task","line":332}
{"timestamp":1754354721.0010557,"level":"INFO","logger":"src.ballsdeepnit.core.overwatch","message":"Generated and submitted 2 tasks","module":"overwatch","function":"generate_and_submit_tasks","line":580}
{"timestamp":1754354750.498268,"level":"ERROR","logger":"src.ballsdeepnit.core.overwatch_monitoring","message":"Error checking system health: 'PerformanceMonitor' object has no attribute 'get_current_stats'","module":"overwatch_monitoring","function":"_check_system_health","line":234}
{"timestamp":1754354780.4992778,"level":"ERROR","logger":"src.ballsdeepnit.core.overwatch_monitoring","message":"Error checking system health: 'PerformanceMonitor' object has no attribute 'get_current_stats'","module":"overwatch_monitoring","function":"_check_system_health","line":234}
{"timestamp":1754354781.0672302,"level":"ERROR","logger":"src.ballsdeepnit.core.overwatch","message":"Error in task generation rule: 'PerformanceMonitor' object has no attribute 'get_current_stats'","module":"overwatch","function":"generate_tasks","line":290}
{"timestamp":1754354781.06733,"level":"INFO","logger":"src.ballsdeepnit.core.overwatch","message":"Task 5599cc31-0a89-4dfa-a052-d98232d7ff62 scheduled for 2025-08-05 00:51:21.067146","module":"overwatch","function":"submit_task","line":328}
{"timestamp":1754354781.0673497,"level":"INFO","logger":"src.ballsdeepnit.core.overwatch","message":"Task submitted: System Health Check (5599cc31-0a89-4dfa-a052-d98232d7ff62)","module":"overwatch","function":"submit_task","line":332}
{"timestamp":1754354781.0673585,"level":"INFO","logger":"src.ballsdeepnit.core.overwatch","message":"Task 57d4d0f8-573c-459b-b21d-bebdffab1704 scheduled for 2025-08-05 01:01:21.067197","module":"overwatch","function":"submit_task","line":328}
{"timestamp":1754354781.0673668,"level":"INFO","logger":"src.ballsdeepnit.core.overwatch","message":"Task submitted: Performance Monitor (57d4d0f8-573c-459b-b21d-bebdffab1704)","module":"overwatch","function":"submit_task","line":332}
{"timestamp":1754354781.0673754,"level":"INFO","logger":"src.ballsdeepnit.core.overwatch","message":"Generated and submitted 2 tasks","module":"overwatch","function":"generate_and_submit_tasks","line":580}
{"timestamp":1754354810.500229,"level":"ERROR","logger":"src.ballsdeepnit.core.overwatch_monitoring","message":"Error checking system health: 'PerformanceMonitor' object has no attribute 'get_current_stats'","module":"overwatch_monitoring","function":"_check_system_health","line":234}
{"timestamp":1754354840.500449,"level":"ERROR","logger":"src.ballsdeepnit.core.overwatch_monitoring","message":"Error checking system health: 'PerformanceMonitor' object has no attribute 'get_current_stats'","module":"overwatch_monitoring","function":"_check_system_health","line":234}
{"timestamp":1754354841.1324592,"level":"ERROR","logger":"src.ballsdeepnit.core.overwatch","message":"Error in task generation rule: 'PerformanceMonitor' object has no attribute 'get_current_stats'","module":"overwatch","function":"generate_tasks","line":290}
{"timestamp":1754354841.1325848,"level":"INFO","logger":"src.ballsdeepnit.core.overwatch","message":"Task 51a6b078-4e44-4650-b9e2-b3bfc6bb828f scheduled for 2025-08-05 00:52:21.132380","module":"overwatch","function":"submit_task","line":328}
{"timestamp":1754354841.1326044,"level":"INFO","logger":"src.ballsdeepnit.core.overwatch","message":"Task submitted: System Health Check (51a6b078-4e44-4650-b9e2-b3bfc6bb828f)","module":"overwatch","function":"submit_task","line":332}
{"timestamp":1754354841.132614,"level":"INFO","logger":"src.ballsdeepnit.core.overwatch","message":"Task 2b9c6162-b4bb-42eb-bd6f-c9cb8464fd41 scheduled for 2025-08-05 01:02:21.132428","module":"overwatch","function":"submit_task","line":328}
{"timestamp":1754354841.1326225,"level":"INFO","logger":"src.ballsdeepnit.core.overwatch","message":"Task submitted: Performance Monitor (2b9c6162-b4bb-42eb-bd6f-c9cb8464fd41)","module":"overwatch","function":"submit_task","line":332}
{"timestamp":1754354841.1326313,"level":"INFO","logger":"src.ballsdeepnit.core.overwatch","message":"Task submitted: Scheduled Health Check (cb02faac-4d80-492e-b683-1e99e60e96ee)","module":"overwatch","function":"submit_task","line":332}
{"timestamp":1754354841.1326387,"level":"INFO","logger":"src.ballsdeepnit.core.overwatch","message":"Generated and submitted 3 tasks","module":"overwatch","function":"generate_and_submit_tasks","line":580}
{"timestamp":1754354870.5003345,"level":"ERROR","logger":"src.ballsdeepnit.core.overwatch_monitoring","message":"Error checking system health: 'PerformanceMonitor' object has no attribute 'get_current_stats'","module":"overwatch_monitoring","function":"_check_system_health","line":234}
{"timestamp":1754354900.5009491,"level":"ERROR","logger":"src.ballsdeepnit.core.overwatch_monitoring","message":"Error checking system health: 'PerformanceMonitor' object has no attribute 'get_current_stats'","module":"overwatch_monitoring","function":"_check_system_health","line":234}
{"timestamp":1754354901.1990528,"level":"ERROR","logger":"src.ballsdeepnit.core.overwatch","message":"Error in task generation rule: 'PerformanceMonitor' object has no attribute 'get_current_stats'","module":"overwatch","function":"generate_tasks","line":290}
{"timestamp":1754354901.1991816,"level":"INFO","logger":"src.ballsdeepnit.core.overwatch","message":"Task 76777428-8aea-465c-9011-861d7ebcda66 scheduled for 2025-08-05 00:53:21.198961","module":"overwatch","function":"submit_task","line":328}
{"timestamp":1754354901.1992016,"level":"INFO","logger":"src.ballsdeepnit.core.overwatch","message":"Task submitted: System Health Check (76777428-8aea-465c-9011-861d7ebcda66)","module":"overwatch","function":"submit_task","line":332}
{"timestamp":1754354901.19921,"level":"INFO","logger":"src.ballsdeepnit.core.overwatch","message":"Task 38736b16-c800-4270-bd3f-dc859e75fbfb scheduled for 2025-08-05 01:03:21.199014","module":"overwatch","function":"submit_task","line":328}
{"timestamp":1754354901.1992185,"level":"INFO","logger":"src.ballsdeepnit.core.overwatch","message":"Task submitted: Performance Monitor (38736b16-c800-4270-bd3f-dc859e75fbfb)","module":"overwatch","function":"submit_task","line":332}
{"timestamp":1754354901.199225,"level":"INFO","logger":"src.ballsdeepnit.core.overwatch","message":"Generated and submitted 2 tasks","module":"overwatch","function":"generate_and_submit_tasks","line":580}
{"timestamp":1754354930.50143,"level":"ERROR","logger":"src.ballsdeepnit.core.overwatch_monitoring","message":"Error checking system health: 'PerformanceMonitor' object has no attribute 'get_current_stats'","module":"overwatch_monitoring","function":"_check_system_health","line":234}
{"timestamp":1754354960.5019276,"level":"ERROR","logger":"src.ballsdeepnit.core.overwatch_monitoring","message":"Error checking system health: 'PerformanceMonitor' object has no attribute 'get_current_stats'","module":"overwatch_monitoring","function":"_check_system_health","line":234}
{"timestamp":1754354961.2650895,"level":"ERROR","logger":"src.ballsdeepnit.core.overwatch","message":"Error in task generation rule: 'PerformanceMonitor' object has no attribute 'get_current_stats'","module":"overwatch","function":"generate_tasks","line":290}
{"timestamp":1754354961.265188,"level":"INFO","logger":"src.ballsdeepnit.core.overwatch","message":"Task aef47a10-5586-4fe0-8c83-85f1df37c3e1 scheduled for 2025-08-05 00:54:21.265010","module":"overwatch","function":"submit_task","line":328}
{"timestamp":1754354961.2652085,"level":"INFO","logger":"src.ballsdeepnit.core.overwatch","message":"Task submitted: System Health Check (aef47a10-5586-4fe0-8c83-85f1df37c3e1)","module":"overwatch","function":"submit_task","line":332}
{"timestamp":1754354961.2652187,"level":"INFO","logger":"src.ballsdeepnit.core.overwatch","message":"Task 810c84e4-1320-427e-a775-a5b7b8cb37d3 scheduled for 2025-08-05 01:04:21.265057","module":"overwatch","function":"submit_task","line":328}
{"timestamp":1754354961.2652273,"level":"INFO","logger":"src.ballsdeepnit.core.overwatch","message":"Task submitted: Performance Monitor (810c84e4-1320-427e-a775-a5b7b8cb37d3)","module":"overwatch","function":"submit_task","line":332}
{"timestamp":1754354961.265235,"level":"INFO","logger":"src.ballsdeepnit.core.overwatch","message":"Generated and submitted 2 tasks","module":"overwatch","function":"generate_and_submit_tasks","line":580}
{"timestamp":1754354990.503044,"level":"ERROR","logger":"src.ballsdeepnit.core.overwatch_monitoring","message":"Error checking system health: 'PerformanceMonitor' object has no attribute 'get_current_stats'","module":"overwatch_monitoring","function":"_check_system_health","line":234}
{"timestamp":1754355020.50392,"level":"ERROR","logger":"src.ballsdeepnit.core.overwatch_monitoring","message":"Error checking system health: 'PerformanceMonitor' object has no attribute 'get_current_stats'","module":"overwatch_monitoring","function":"_check_system_health","line":234}
{"timestamp":1754355021.330129,"level":"ERROR","logger":"src.ballsdeepnit.core.overwatch","message":"Error in task generation rule: 'PerformanceMonitor' object has no attribute 'get_current_stats'","module":"overwatch","function":"generate_tasks","line":290}
{"timestamp":1754355021.3302262,"level":"INFO","logger":"src.ballsdeepnit.core.overwatch","message":"Task c075144e-2b53-4e07-8fd2-4840c408975c scheduled for 2025-08-05 00:55:21.330044","module":"overwatch","function":"submit_task","line":328}
{"timestamp":1754355021.330245,"level":"INFO","logger":"src.ballsdeepnit.core.overwatch","message":"Task submitted: System Health Check (c075144e-2b53-4e07-8fd2-4840c408975c)","module":"overwatch","function":"submit_task","line":332}
{"timestamp":1754355021.3302538,"level":"INFO","logger":"src.ballsdeepnit.core.overwatch","message":"Task e0ef65cc-c26e-494a-9ebd-c2485c3c3883 scheduled for 2025-08-05 01:05:21.330096","module":"overwatch","function":"submit_task","line":328}
{"timestamp":1754355021.3302622,"level":"INFO","logger":"src.ballsdeepnit.core.overwatch","message":"Task submitted: Performance Monitor (e0ef65cc-c26e-494a-9ebd-c2485c3c3883)","module":"overwatch","function":"submit_task","line":332}
{"timestamp":1754355021.3302884,"level":"INFO","logger":"src.ballsdeepnit.core.overwatch","message":"Generated and submitted 2 tasks","module":"overwatch","function":"generate_and_submit_tasks","line":580}
{"timestamp":1754355050.504079,"level":"ERROR","logger":"src.ballsdeepnit.core.overwatch_monitoring","message":"Error checking system health: 'PerformanceMonitor' object has no attribute 'get_current_stats'","module":"overwatch_monitoring","function":"_check_system_health","line":234}
{"timestamp":1754355080.504302,"level":"ERROR","logger":"src.ballsdeepnit.core.overwatch_monitoring","message":"Error checking system health: 'PerformanceMonitor' object has no attribute 'get_current_stats'","module":"overwatch_monitoring","function":"_check_system_health","line":234}
{"timestamp":1754355081.3987086,"level":"ERROR","logger":"src.ballsdeepnit.core.overwatch","message":"Error in task generation rule: 'PerformanceMonitor' object has no attribute 'get_current_stats'","module":"overwatch","function":"generate_tasks","line":290}
{"timestamp":1754355081.398824,"level":"INFO","logger":"src.ballsdeepnit.core.overwatch","message":"Task f08a7792-c03a-472c-a690-f1b5d02e28c0 scheduled for 2025-08-05 00:56:21.398607","module":"overwatch","function":"submit_task","line":328}
{"timestamp":1754355081.3988461,"level":"INFO","logger":"src.ballsdeepnit.core.overwatch","message":"Task submitted: System Health Check (f08a7792-c03a-472c-a690-f1b5d02e28c0)","module":"overwatch","function":"submit_task","line":332}
{"timestamp":1754355081.398857,"level":"INFO","logger":"src.ballsdeepnit.core.overwatch","message":"Task 8ba5517e-542c-4e10-b49b-12414e08447f scheduled for 2025-08-05 01:06:21.398673","module":"overwatch","function":"submit_task","line":328}
{"timestamp":1754355081.3988657,"level":"INFO","logger":"src.ballsdeepnit.core.overwatch","message":"Task submitted: Performance Monitor (8ba5517e-542c-4e10-b49b-12414e08447f)","module":"overwatch","function":"submit_task","line":332}
{"timestamp":1754355081.398873,"level":"INFO","logger":"src.ballsdeepnit.core.overwatch","message":"Generated and submitted 2 tasks","module":"overwatch","function":"generate_and_submit_tasks","line":580}
{"timestamp":1754355110.5045652,"level":"ERROR","logger":"src.ballsdeepnit.core.overwatch_monitoring","message":"Error checking system health: 'PerformanceMonitor' object has no attribute 'get_current_stats'","module":"overwatch_monitoring","function":"_check_system_health","line":234}
{"timestamp":1754354240.472697,"level":"INFO","logger":"src.ballsdeepnit.monitoring.performance","message":"uvloop event loop installed for better performance","module":"performance","function":"optimize_event_loop","line":438,"performance":{}}
{"timestamp":1754354240.4727368,"level":"INFO","logger":"src.ballsdeepnit.monitoring.performance","message":"GC threshold set to 1000","module":"performance","function":"setup_performance_monitoring","line":453,"performance":{}}
{"timestamp":1754354240.4727545,"level":"INFO","logger":"src.ballsdeepnit.monitoring.performance","message":"Performance monitoring configured and ready to start","module":"performance","function":"setup_performance_monitoring","line":458,"performance":{}}
{"timestamp":1754355140.3030643,"level":"INFO","logger":"src.ballsdeepnit.core.overwatch","message":"Task dispatcher stopped","module":"overwatch","function":"stop_dispatch_loop","line":477}
{"timestamp":1754355140.3031294,"level":"INFO","logger":"src.ballsdeepnit.core.overwatch","message":"Overwatch system stopped","module":"overwatch","function":"stop","line":621}
{"timestamp":1754355140.3031564,"level":"INFO","logger":"src.ballsdeepnit.core.overwatch","message":"Task dispatcher stopped","module":"overwatch","function":"stop_dispatch_loop","line":477}
{"timestamp":1754355140.3031642,"level":"INFO","logger":"src.ballsdeepnit.core.overwatch","message":"Overwatch system stopped","module":"overwatch","function":"stop","line":621}
{"timestamp":1754355140.3031828,"level":"INFO","logger":"src.ballsdeepnit.core.overwatch_monitoring","message":"Overwatch monitoring integration stopped","module":"overwatch_monitoring","function":"stop_monitoring","line":61}
{"timestamp":1754355140.5146565,"level":"INFO","logger":"src.ballsdeepnit.monitoring.performance","message":"uvloop event loop installed for better performance","module":"performance","function":"optimize_event_loop","line":438,"performance":{}}
{"timestamp":1754355140.5146956,"level":"INFO","logger":"src.ballsdeepnit.monitoring.performance","message":"GC threshold set to 1000","module":"performance","function":"setup_performance_monitoring","line":453,"performance":{}}
{"timestamp":1754355140.514714,"level":"INFO","logger":"src.ballsdeepnit.monitoring.performance","message":"Performance monitoring configured and ready to start","module":"performance","function":"setup_performance_monitoring","line":458,"performance":{}}
{"timestamp":1754355140.5202503,"level":"INFO","logger":"src.ballsdeepnit.core.overwatch","message":"Registered handler for task type: TaskType.SYSTEM_HEALTH","module":"overwatch","function":"register_handler","line":322}
{"timestamp":1754355140.5202737,"level":"INFO","logger":"src.ballsdeepnit.core.overwatch","message":"Overwatch system initialized","module":"overwatch","function":"__init__","line":528}
{"timestamp":1754355146.1230278,"level":"INFO","logger":"src.ballsdeepnit.monitoring.performance","message":"uvloop event loop installed for better performance","module":"performance","function":"optimize_event_loop","line":438,"performance":{}}
{"timestamp":1754355146.1230695,"level":"INFO","logger":"src.ballsdeepnit.monitoring.performance","message":"GC threshold set to 1000","module":"performance","function":"setup_performance_monitoring","line":453,"performance":{}}
{"timestamp":1754355146.123088,"level":"INFO","logger":"src.ballsdeepnit.monitoring.performance","message":"Performance monitoring configured and ready to start","module":"performance","function":"setup_performance_monitoring","line":458,"performance":{}}
{"timestamp":1754355146.1284132,"level":"INFO","logger":"src.ballsdeepnit.core.overwatch","message":"Registered handler for task type: TaskType.SYSTEM_HEALTH","module":"overwatch","function":"register_handler","line":322}
{"timestamp":1754355146.1284373,"level":"INFO","logger":"src.ballsdeepnit.core.overwatch","message":"Overwatch system initialized","module":"overwatch","function":"__init__","line":528}
{"timestamp":1754355147.659136,"level":"INFO","logger":"src.ballsdeepnit.monitoring.performance","message":"uvloop event loop installed for better performance","module":"performance","function":"optimize_event_loop","line":438,"performance":{}}
{"timestamp":1754355147.6591747,"level":"INFO","logger":"src.ballsdeepnit.monitoring.performance","message":"GC threshold set to 1000","module":"performance","function":"setup_performance_monitoring","line":453,"performance":{}}
{"timestamp":1754355147.659193,"level":"INFO","logger":"src.ballsdeepnit.monitoring.performance","message":"Performance monitoring configured and ready to start","module":"performance","function":"setup_performance_monitoring","line":458,"performance":{}}
{"timestamp":1754355147.665519,"level":"INFO","logger":"src.ballsdeepnit.core.overwatch","message":"Registered handler for task type: TaskType.SYSTEM_HEALTH","module":"overwatch","function":"register_handler","line":322}
{"timestamp":1754355147.6655421,"level":"INFO","logger":"src.ballsdeepnit.core.overwatch","message":"Overwatch system initialized","module":"overwatch","function":"__init__","line":528}
{"timestamp":1754355154.3335688,"level":"INFO","logger":"src.ballsdeepnit.monitoring.performance","message":"uvloop event loop installed for better performance","module":"performance","function":"optimize_event_loop","line":438,"performance":{}}
{"timestamp":1754355154.333608,"level":"INFO","logger":"src.ballsdeepnit.monitoring.performance","message":"GC threshold set to 1000","module":"performance","function":"setup_performance_monitoring","line":453,"performance":{}}
{"timestamp":1754355154.3336256,"level":"INFO","logger":"src.ballsdeepnit.monitoring.performance","message":"Performance monitoring configured and ready to start","module":"performance","function":"setup_performance_monitoring","line":458,"performance":{}}
{"timestamp":1754355154.3388238,"level":"INFO","logger":"src.ballsdeepnit.core.overwatch","message":"Registered handler for task type: TaskType.SYSTEM_HEALTH","module":"overwatch","function":"register_handler","line":322}
{"timestamp":1754355154.3388474,"level":"INFO","logger":"src.ballsdeepnit.core.overwatch","message":"Overwatch system initialized","module":"overwatch","function":"__init__","line":528}
{"timestamp":1754355154.3388631,"level":"INFO","logger":"src.ballsdeepnit.core.overwatch","message":"Registered handler for task type: TaskType.OBD2_DIAGNOSTIC","module":"overwatch","function":"register_handler","line":322}
{"timestamp":1754355154.3388743,"level":"INFO","logger":"src.ballsdeepnit.core.overwatch_handlers","message":"Registered OBD2DiagnosticHandler for TaskType.OBD2_DIAGNOSTIC","module":"overwatch_handlers","function":"register_all_handlers","line":808}
{"timestamp":1754355154.3388824,"level":"INFO","logger":"src.ballsdeepnit.core.overwatch","message":"Registered handler for task type: TaskType.PERFORMANCE_CHECK","module":"overwatch","function":"register_handler","line":322}
{"timestamp":1754355154.3388891,"level":"INFO","logger":"src.ballsdeepnit.core.overwatch_handlers","message":"Registered PerformanceCheckHandler for TaskType.PERFORMANCE_CHECK","module":"overwatch_handlers","function":"register_all_handlers","line":808}
{"timestamp":1754355154.338942,"level":"INFO","logger":"src.ballsdeepnit.core.overwatch","message":"Registered handler for task type: TaskType.DATA_BACKUP","module":"overwatch","function":"register_handler","line":322}
{"timestamp":1754355154.33895,"level":"INFO","logger":"src.ballsdeepnit.core.overwatch_handlers","message":"Registered DataBackupHandler for TaskType.DATA_BACKUP","module":"overwatch_handlers","function":"register_all_handlers","line":808}
{"timestamp":1754355154.3389566,"level":"INFO","logger":"src.ballsdeepnit.core.overwatch","message":"Registered handler for task type: TaskType.MAINTENANCE","module":"overwatch","function":"register_handler","line":322}
{"timestamp":1754355154.338962,"level":"INFO","logger":"src.ballsdeepnit.core.overwatch_handlers","message":"Registered MaintenanceHandler for TaskType.MAINTENANCE","module":"overwatch_handlers","function":"register_all_handlers","line":808}
{"timestamp":1754355154.3389676,"level":"INFO","logger":"src.ballsdeepnit.core.overwatch","message":"Registered handler for task type: TaskType.SECURITY_SCAN","module":"overwatch","function":"register_handler","line":322}
{"timestamp":1754355154.3389719,"level":"INFO","logger":"src.ballsdeepnit.core.overwatch_handlers","message":"Registered SecurityScanHandler for TaskType.SECURITY_SCAN","module":"overwatch_handlers","function":"register_all_handlers","line":808}
{"timestamp":1754355154.3397086,"level":"INFO","logger":"src.ballsdeepnit.core.overwatch","message":"Task dispatcher started","module":"overwatch","function":"start_dispatch_loop","line":470}
{"timestamp":1754355154.3397906,"level":"INFO","logger":"src.ballsdeepnit.core.overwatch","message":"Task 506fad6d-4f8c-41f5-805b-f6bfdd17b552 scheduled for 2025-08-05 00:57:34.339736","module":"overwatch","function":"submit_task","line":328}
{"timestamp":1754355154.339819,"level":"INFO","logger":"src.ballsdeepnit.core.overwatch","message":"Task submitted: System Health Check (506fad6d-4f8c-41f5-805b-f6bfdd17b552)","module":"overwatch","function":"submit_task","line":332}
{"timestamp":1754355154.339829,"level":"INFO","logger":"src.ballsdeepnit.core.overwatch","message":"Task 8157a2b1-4750-4e26-a6a2-a7c11a9c86eb scheduled for 2025-08-05 01:07:34.339765","module":"overwatch","function":"submit_task","line":328}
{"timestamp":1754355154.3398407,"level":"INFO","logger":"src.ballsdeepnit.core.overwatch","message":"Task submitted: Performance Monitor (8157a2b1-4750-4e26-a6a2-a7c11a9c86eb)","module":"overwatch","function":"submit_task","line":332}
{"timestamp":1754355154.3398476,"level":"INFO","logger":"src.ballsdeepnit.core.overwatch","message":"Generated and submitted 2 tasks","module":"overwatch","function":"generate_and_submit_tasks","line":580}
{"timestamp":1754355154.3398564,"level":"INFO","logger":"src.ballsdeepnit.core.overwatch","message":"Overwatch system started","module":"overwatch","function":"start","line":612}
{"timestamp":1754355154.339891,"level":"INFO","logger":"src.ballsdeepnit.core.overwatch","message":"Task submitted: Health Check Test (2f0c2000-a296-4b9d-8649-71192a8ec12d)","module":"overwatch","function":"submit_task","line":332}
{"timestamp":1754355154.3399158,"level":"INFO","logger":"src.ballsdeepnit.core.overwatch","message":"Task submitted: Performance Test (91c3891a-edb4-4082-bac7-c1023edff2c7)","module":"overwatch","function":"submit_task","line":332}
{"timestamp":1754355154.3399353,"level":"INFO","logger":"src.ballsdeepnit.core.overwatch","message":"Task submitted: Security Scan Test (1ad55f21-fe85-4df5-8dc4-fbf06c94c050)","module":"overwatch","function":"submit_task","line":332}
{"timestamp":1754355164.360943,"level":"INFO","logger":"src.ballsdeepnit.core.overwatch","message":"Task dispatcher stopped","module":"overwatch","function":"stop_dispatch_loop","line":477}
{"timestamp":1754355164.3609915,"level":"INFO","logger":"src.ballsdeepnit.core.overwatch","message":"Overwatch system stopped","module":"overwatch","function":"stop","line":621}
{"timestamp":1754355171.0105197,"level":"INFO","logger":"src.ballsdeepnit.monitoring.performance","message":"uvloop event loop installed for better performance","module":"performance","function":"optimize_event_loop","line":438,"performance":{}}
{"timestamp":1754355171.0105636,"level":"INFO","logger":"src.ballsdeepnit.monitoring.performance","message":"GC threshold set to 1000","module":"performance","function":"setup_performance_monitoring","line":453,"performance":{}}
{"timestamp":1754355171.0105808,"level":"INFO","logger":"src.ballsdeepnit.monitoring.performance","message":"Performance monitoring configured and ready to start","module":"performance","function":"setup_performance_monitoring","line":458,"performance":{}}
{"timestamp":1754355171.0157745,"level":"INFO","logger":"src.ballsdeepnit.core.overwatch","message":"Registered handler for task type: TaskType.SYSTEM_HEALTH","module":"overwatch","function":"register_handler","line":322}
{"timestamp":1754355171.015798,"level":"INFO","logger":"src.ballsdeepnit.core.overwatch","message":"Overwatch system initialized","module":"overwatch","function":"__init__","line":528}
{"timestamp":1754355252.2787325,"level":"INFO","logger":"src.ballsdeepnit.monitoring.performance","message":"uvloop event loop installed for better performance","module":"performance","function":"optimize_event_loop","line":438,"performance":{}}
{"timestamp":1754355252.2787712,"level":"INFO","logger":"src.ballsdeepnit.monitoring.performance","message":"GC threshold set to 1000","module":"performance","function":"setup_performance_monitoring","line":453,"performance":{}}
{"timestamp":1754355252.2787883,"level":"INFO","logger":"src.ballsdeepnit.monitoring.performance","message":"Performance monitoring configured and ready to start","module":"performance","function":"setup_performance_monitoring","line":458,"performance":{}}
{"timestamp":1754355252.2843223,"level":"INFO","logger":"src.ballsdeepnit.core.overwatch","message":"Registered handler for task type: TaskType.SYSTEM_HEALTH","module":"overwatch","function":"register_handler","line":322}
{"timestamp":1754355252.2843459,"level":"INFO","logger":"src.ballsdeepnit.core.overwatch","message":"Overwatch system initialized","module":"overwatch","function":"__init__","line":528}
