[2025-06-23T09:16:56.443Z] [INFO] Frank Bot Standalone starting...
[2025-06-23T09:16:56.447Z] [INFO] Configuration: Frank Bot Standalone v1.0.0
[2025-06-23T09:16:56.448Z] [INFO] Beginning boot sequence...
[2025-06-23T09:16:56.448Z] [INFO] Initializing Core Systems...
[2025-06-23T09:16:57.148Z] [INFO] Loading RAID Integration...
[2025-06-23T09:16:57.873Z] [INFO] Connecting to HYDI Network...
tegration...
[2025-06-23T09:16:57.873Z] [INFO] Connecting to HYDI Network...
[2025-07-21T17:35:11.934Z] [INFO] Frank Bot Standalone starting...
[2025-07-21T17:35:11.936Z] [INFO] Configuration: Frank Bot Standalone v1.0.0
[2025-07-21T17:35:11.936Z] [INFO] Beginning boot sequence...
[2025-07-21T17:35:11.936Z] [INFO] Initializing Core Systems...
[2025-07-21T17:35:12.528Z] [INFO] Loading RAID Integration...
[2025-07-21T17:35:13.289Z] [INFO] Connecting to HYDI Network...
[2025-07-21T17:35:13.828Z] [INFO] Calibrating Lexicon Processor...
[2025-07-21T17:35:14.343Z] [INFO] Activating Automation Modules...
[2025-07-21T17:35:15.116Z] [INFO] Establishing Communication Protocols...
[2025-07-21T17:35:15.875Z] [INFO] Running System Diagnostics...
[2025-07-21T17:35:16.448Z] [INFO] Boot sequence complete
[2025-07-21T17:35:16.450Z] [INFO] Web server listening on port 3001
[2025-07-21T17:35:16.451Z] [INFO] Sync scheduler started
[2025-07-21T17:35:16.451Z] [INFO] Frank Bot is fully operational
[2025-07-21T17:35:16.451Z] [INFO] Web interface: http://localhost:3001
[2025-07-21T17:36:16.481Z] [INFO] Performing sync: all
[2025-07-21T17:37:06.963Z] [INFO] Received SIGINT, shutting down...
[2025-07-21T17:37:06.964Z] [INFO] Frank Bot shutdown complete
